[ 2017-08-10T10:50:13+08:00 ] 127.0.0.1 /index.php/Record/active/stu_id/
INFO: [ app_init ] --START--
INFO: Run Behavior\BuildLiteBehavior [ RunTime:0.000000s ]
INFO: [ app_init ] --END-- [ RunTime:0.000000s ]
INFO: [ app_begin ] --START--
INFO: Run Behavior\ReadHtmlCacheBehavior [ RunTime:0.000000s ]
INFO: [ app_begin ] --END-- [ RunTime:0.000000s ]
NOTIC: [8] Use of undefined constant u_name - assumed 'u_name' D:\xampp\htdocs\children\children_sys\Admin\Controller\RecordController.class.php 第 1147 行.
SQL: SHOW COLUMNS FROM `assess_record` [ RunTime:0.0030s ]
NOTIC: [8] Undefined index: stu_id D:\xampp\htdocs\children\children_sys\Admin\Controller\RecordController.class.php 第 1150 行.
NOTIC: [8] Undefined index: stu_id D:\xampp\htdocs\children\children_sys\Admin\Controller\RecordController.class.php 第 1151 行.
NOTIC: [8] Use of undefined constant stu_id - assumed 'stu_id' D:\xampp\htdocs\children\children_sys\Admin\Controller\CommonController.class.php 第 115 行.
SQL: SHOW COLUMNS FROM `stu_info` [ RunTime:0.0020s ]
SQL: SELECT `stu_name` FROM `stu_info` WHERE ( stu_id =2 ) LIMIT 1   [ RunTime:0.0010s ]
SQL: select a_id,kind_id from assess_record a where stu_id =2 and (select count(1) from assess_record
	                where kind_id = a.kind_id and a_id > a.a_id ) <4 and a.type=1 order by kind_id asc ,a_id desc [ RunTime:0.0000s ]
NOTIC: [8] Undefined variable: jx D:\xampp\htdocs\children\children_sys\Admin\Controller\CommonController.class.php 第 148 行.
NOTIC: [8] Undefined variable: yg D:\xampp\htdocs\children\children_sys\Admin\Controller\CommonController.class.php 第 149 行.
NOTIC: [8] Undefined variable: sj D:\xampp\htdocs\children\children_sys\Admin\Controller\CommonController.class.php 第 151 行.
NOTIC: [8] Undefined index: times D:\xampp\htdocs\children\children_sys\Admin\Controller\CommonController.class.php 第 174 行.
SQL: SHOW COLUMNS FROM `item_values` [ RunTime:0.0030s ]
SQL: SELECT COUNT(*) AS tp_count FROM `item_values` WHERE `a_id` = 1 AND `items_values` = 'P' LIMIT 1   [ RunTime:0.0000s ]
SQL: SELECT COUNT(*) AS tp_count FROM `item_values` WHERE `a_id` = 1 AND `items_values` = 'E' LIMIT 1   [ RunTime:0.0010s ]
SQL: SELECT COUNT(*) AS tp_count FROM `item_values` WHERE `a_id` = 2 AND `items_values` = 'P' LIMIT 1   [ RunTime:0.0000s ]
SQL: SELECT COUNT(*) AS tp_count FROM `item_values` WHERE `a_id` = 2 AND `items_values` = 'E' LIMIT 1   [ RunTime:0.0000s ]
SQL: SELECT COUNT(*) AS tp_count FROM `item_values` WHERE `a_id` = 0 AND `items_values` = 'P' LIMIT 1   [ RunTime:0.0000s ]
SQL: SELECT COUNT(*) AS tp_count FROM `item_values` WHERE `a_id` = 0 AND `items_values` = 'E' LIMIT 1   [ RunTime:0.0000s ]
SQL: SELECT COUNT(*) AS tp_count FROM `item_values` WHERE `a_id` = 0 AND `items_values` = 'P' LIMIT 1   [ RunTime:0.0010s ]
SQL: SELECT COUNT(*) AS tp_count FROM `item_values` WHERE `a_id` = 0 AND `items_values` = 'E' LIMIT 1   [ RunTime:0.0000s ]
SQL: SELECT COUNT(*) AS tp_count FROM `item_values` WHERE `a_id` = 3 AND `items_values` = 'P' LIMIT 1   [ RunTime:0.0000s ]
SQL: SELECT COUNT(*) AS tp_count FROM `item_values` WHERE `a_id` = 3 AND `items_values` = 'E' LIMIT 1   [ RunTime:0.0010s ]
SQL: SELECT COUNT(*) AS tp_count FROM `item_values` WHERE `a_id` = 0 AND `items_values` = 'P' LIMIT 1   [ RunTime:0.0000s ]
SQL: SELECT COUNT(*) AS tp_count FROM `item_values` WHERE `a_id` = 0 AND `items_values` = 'E' LIMIT 1   [ RunTime:0.0010s ]
SQL: SELECT COUNT(*) AS tp_count FROM `item_values` WHERE `a_id` = 4 AND `items_values` = 'P' LIMIT 1   [ RunTime:0.0000s ]
SQL: SELECT COUNT(*) AS tp_count FROM `item_values` WHERE `a_id` = 4 AND `items_values` = 'E' LIMIT 1   [ RunTime:0.0000s ]
NOTIC: [8] Use of undefined constant stu_id - assumed 'stu_id' D:\xampp\htdocs\children\children_sys\Admin\Controller\CommonController.class.php 第 229 行.
NOTIC: [8] Use of undefined constant brith - assumed 'brith' D:\xampp\htdocs\children\children_sys\Admin\Controller\CommonController.class.php 第 229 行.
SQL: SELECT `brith` FROM `stu_info` WHERE ( stu_id=2 ) LIMIT 1   [ RunTime:0.0000s ]
INFO: [ view_parse ] --START--
INFO: [ template_filter ] --START--
INFO: Run Behavior\ContentReplaceBehavior [ RunTime:0.000000s ]
INFO: [ template_filter ] --END-- [ RunTime:0.000000s ]
INFO: Run Behavior\ParseTemplateBehavior [ RunTime:0.006000s ]
INFO: [ view_parse ] --END-- [ RunTime:0.006000s ]
INFO: [ view_filter ] --START--
INFO: Run Behavior\WriteHtmlCacheBehavior [ RunTime:0.001000s ]
INFO: [ view_filter ] --END-- [ RunTime:0.001000s ]

